2020-02-25 00:16:01.236  INFO 13028 --- [restartedMain] net.bombdash.core.CoreApplication        : Starting CoreApplication on HOMEPC with PID 13028 (D:\Develop\Idea\BombDash\core\target\classes started by admin in D:\Develop\Idea\BombDash\core)
2020-02-25 00:16:01.243  INFO 13028 --- [restartedMain] net.bombdash.core.CoreApplication        : The following profiles are active: dev
2020-02-25 00:16:01.338  INFO 13028 --- [restartedMain] .e.DevToolsPropertyDefaultsPostProcessor : Devtools property defaults active! Set 'spring.devtools.add-properties' to 'false' to disable
2020-02-25 00:16:01.339  INFO 13028 --- [restartedMain] .e.DevToolsPropertyDefaultsPostProcessor : For additional web related logging consider setting the 'logging.level.web' property to 'DEBUG'
2020-02-25 00:16:02.273  INFO 13028 --- [restartedMain] .s.d.r.c.RepositoryConfigurationDelegate : Bootstrapping Spring Data repositories in DEFAULT mode.
2020-02-25 00:16:02.325  INFO 13028 --- [restartedMain] .s.d.r.c.RepositoryConfigurationDelegate : Finished Spring Data repository scanning in 46ms. Found 0 repository interfaces.
2020-02-25 00:16:02.652  INFO 13028 --- [restartedMain] trationDelegate$BeanPostProcessorChecker : Bean 'org.springframework.security.config.annotation.configuration.ObjectPostProcessorConfiguration' of type [org.springframework.security.config.annotation.configuration.ObjectPostProcessorConfiguration] is not eligible for getting processed by all BeanPostProcessors (for example: not eligible for auto-proxying)
2020-02-25 00:16:02.656  INFO 13028 --- [restartedMain] trationDelegate$BeanPostProcessorChecker : Bean 'org.springframework.transaction.annotation.ProxyTransactionManagementConfiguration' of type [org.springframework.transaction.annotation.ProxyTransactionManagementConfiguration] is not eligible for getting processed by all BeanPostProcessors (for example: not eligible for auto-proxying)
2020-02-25 00:16:02.674  INFO 13028 --- [restartedMain] trationDelegate$BeanPostProcessorChecker : Bean 'objectPostProcessor' of type [org.springframework.security.config.annotation.configuration.AutowireBeanFactoryObjectPostProcessor] is not eligible for getting processed by all BeanPostProcessors (for example: not eligible for auto-proxying)
2020-02-25 00:16:02.676  INFO 13028 --- [restartedMain] trationDelegate$BeanPostProcessorChecker : Bean 'org.springframework.security.access.expression.method.DefaultMethodSecurityExpressionHandler@1c758c0' of type [org.springframework.security.access.expression.method.DefaultMethodSecurityExpressionHandler] is not eligible for getting processed by all BeanPostProcessors (for example: not eligible for auto-proxying)
2020-02-25 00:16:02.678  INFO 13028 --- [restartedMain] trationDelegate$BeanPostProcessorChecker : Bean 'org.springframework.security.config.annotation.method.configuration.GlobalMethodSecurityConfiguration' of type [org.springframework.security.config.annotation.method.configuration.GlobalMethodSecurityConfiguration] is not eligible for getting processed by all BeanPostProcessors (for example: not eligible for auto-proxying)
2020-02-25 00:16:02.681  INFO 13028 --- [restartedMain] trationDelegate$BeanPostProcessorChecker : Bean 'methodSecurityMetadataSource' of type [org.springframework.security.access.method.DelegatingMethodSecurityMetadataSource] is not eligible for getting processed by all BeanPostProcessors (for example: not eligible for auto-proxying)
2020-02-25 00:16:03.013  INFO 13028 --- [restartedMain] o.s.b.w.embedded.tomcat.TomcatWebServer  : Tomcat initialized with port(s): 80 (http)
2020-02-25 00:16:03.022  INFO 13028 --- [restartedMain] o.apache.catalina.core.StandardService   : Starting service [Tomcat]
2020-02-25 00:16:03.022  INFO 13028 --- [restartedMain] org.apache.catalina.core.StandardEngine  : Starting Servlet engine: [Apache Tomcat/9.0.27]
2020-02-25 00:16:03.161  INFO 13028 --- [restartedMain] o.a.c.c.C.[Tomcat].[localhost].[/]       : Initializing Spring embedded WebApplicationContext
2020-02-25 00:16:03.161  INFO 13028 --- [restartedMain] o.s.web.context.ContextLoader            : Root WebApplicationContext: initialization completed in 1821 ms
2020-02-25 00:16:03.202  INFO 13028 --- [restartedMain] o.s.boot.web.servlet.RegistrationBean    : Filter characterEncodingFilter was not registered (possibly already registered?)
2020-02-25 00:16:03.876  INFO 13028 --- [restartedMain] o.s.s.web.DefaultSecurityFilterChain     : Creating filter chain: any request, [org.springframework.security.web.context.request.async.WebAsyncManagerIntegrationFilter@5474a34f, org.springframework.security.web.context.SecurityContextPersistenceFilter@7d0e5adb, org.springframework.security.web.header.HeaderWriterFilter@2430b363, org.springframework.security.web.authentication.logout.LogoutFilter@1ce11cb4, org.springframework.security.web.authentication.UsernamePasswordAuthenticationFilter@60702bcc, org.springframework.security.web.authentication.www.BasicAuthenticationFilter@7faab8b3, org.springframework.security.web.savedrequest.RequestCacheAwareFilter@2c7b345a, org.springframework.security.web.servletapi.SecurityContextHolderAwareRequestFilter@5d6cdf0f, org.springframework.security.web.authentication.rememberme.RememberMeAuthenticationFilter@25f81508, org.springframework.security.web.authentication.AnonymousAuthenticationFilter@6a4039bd, org.springframework.security.web.session.SessionManagementFilter@5c8a1a7f, org.springframework.security.web.access.ExceptionTranslationFilter@1757ba4a, org.springframework.security.web.access.intercept.FilterSecurityInterceptor@156bd93e]
2020-02-25 00:16:03.979  INFO 13028 --- [restartedMain] o.s.s.concurrent.ThreadPoolTaskExecutor  : Initializing ExecutorService 'applicationTaskExecutor'
2020-02-25 00:16:04.111  WARN 13028 --- [restartedMain] o.s.w.s.r.ResourceHttpRequestHandler     : Locations list is empty. No resources will be served unless a custom ResourceResolver is configured as an alternative to PathResourceResolver.
2020-02-25 00:16:04.454  INFO 13028 --- [restartedMain] o.s.b.d.a.OptionalLiveReloadServer       : LiveReload server is running on port 35729
2020-02-25 00:16:04.514  INFO 13028 --- [restartedMain] o.s.b.w.embedded.tomcat.TomcatWebServer  : Tomcat started on port(s): 80 (http) with context path ''
2020-02-25 00:16:04.518  INFO 13028 --- [restartedMain] net.bombdash.core.CoreApplication        : Started CoreApplication in 3.876 seconds (JVM running for 4.851)
2020-02-25 00:16:05.678  INFO 13028 --- [http-nio-80-exec-1] o.a.c.c.C.[Tomcat].[localhost].[/]       : Initializing Spring DispatcherServlet 'dispatcherServlet'
2020-02-25 00:16:05.678  INFO 13028 --- [http-nio-80-exec-1] o.s.web.servlet.DispatcherServlet        : Initializing Servlet 'dispatcherServlet'
2020-02-25 00:16:05.686  INFO 13028 --- [http-nio-80-exec-1] o.s.web.servlet.DispatcherServlet        : Completed initialization in 8 ms
2020-02-25 00:16:10.952  INFO 13028 --- [http-nio-80-exec-4] com.zaxxer.hikari.HikariDataSource       : HikariPool-1 - Starting...
2020-02-25 00:16:11.387  INFO 13028 --- [http-nio-80-exec-4] com.zaxxer.hikari.HikariDataSource       : HikariPool-1 - Start completed.
